0 info it worked if it ends with ok
1 verbose cli [ 'C:\\Program Files\\nodejs\\node.exe',
1 verbose cli   'C:\\Program Files\\nodejs\\node_modules\\npm\\bin\\npm-cli.js',
1 verbose cli   'start' ]
2 info using npm@3.10.10
3 info using node@v6.11.0
4 verbose run-script [ 'prestart', 'start', 'poststart' ]
5 info lifecycle AluraTyper@1.0.0~prestart: AluraTyper@1.0.0
6 silly lifecycle AluraTyper@1.0.0~prestart: no script for prestart, continuing
7 info lifecycle AluraTyper@1.0.0~start: AluraTyper@1.0.0
8 verbose lifecycle AluraTyper@1.0.0~start: unsafe-perm in lifecycle true
9 verbose lifecycle AluraTyper@1.0.0~start: PATH: C:\Program Files\nodejs\node_modules\npm\bin\node-gyp-bin;C:\Users\guii_\Documents\Alura\Formacao_Engenheiro_Front_End\jQuery_2\alura-typer\servidor\node_modules\.bin;C:\Users\guii_\AppData\Roaming\npm;C:\Program Files\nodejs\;C:\Program Files (x86)\Java\jdk1.8.0_161\bin;C:\Program Files\PHP\v7.2;C:\WINDOWS\system32\inetsrv;C:\Program Files (x86)\PHP\v5.5;C:\Program Files (x86)\Intel\iCLS Client\;C:\Program Files (x86)\Common Files\Oracle\Java\javapath;C:\Program Files\PHP\v7.0;C:\Program Files\Microsoft MPI\Bin\;C:\Program Files (x86)\Embarcadero\Studio\17.0\bin;C:\Users\Public\Documents\Embarcadero\Studio\17.0\Bpl;C:\Program Files (x86)\Embarcadero\Studio\17.0\bin64;C:\Users\Public\Documents\Embarcadero\Studio\17.0\Bpl\Win64;C:\Program Files\Intel\iCLS Client\;C:\WINDOWS\system32;C:\WINDOWS;C:\WINDOWS\System32\Wbem;C:\WINDOWS\System32\WindowsPowerShell\v1.0\;C:\Program Files\Java\jdk1.8.0_45\bin;C:\Program Files\Microsoft SQL Server\Client SDK\ODBC\110\Tools\Binn\;C:\Program Files (x86)\Microsoft SQL Server\120\Tools\Binn\;C:\Program Files\Microsoft SQL Server\120\Tools\Binn\;C:\Program Files\M;C:\Program Files (x86)\Microsoft SQL Server\130\Tools\Binn\;C:\Program Files\Microsoft SQL Server\13;C:\WINDOWS\system32;C:\WINDOWS;C:\WINDOWS\System32\Wbem;C:\WINDOWS\System32\WindowsPowerShell\v1.0\;C:\WINDOWS\System32\OpenSSH\;C:\Program Files\dotnet\;C:\Program Files\Microsoft SQL Server\110\Tools\Binn\;C:\Program Files (x86)\Microsoft SQL Server\110\DTS\Binn\;C:\Program Files (x86)\Microsoft SQL Server\120\DTS\Binn\;C:\Program Files (x86)\Microsoft SQL Server\130\DTS\Binn\;C:\Program Files (x86)\Microsoft SQL Server\140\DTS\Binn\;C:\Program Files\Microsoft DNX\Dnvm\;C:\Users\guii_\AppData\Local\Microsoft\WindowsApps;C:\Program Files\MongoDB\Server\3.4\bin;C:\Users\guii_\AppData\Roaming\npm;C:\Users\guii_\AppData\Roaming\Composer\vendor\bin;C:\Users\guii_\AppData\Local\Programs\Fiddler;C:\Users\guii_\AppData\Local\Google\Cloud SDK\google-cloud-sdk\bin;C:\Program Files\Git\bin;C:\Program Files\Java\maven 3.5.0\bin;C:\Users\guii_\AppData\Local\atom\bin;C:\Users\guii_\AppData\Local\Android\sdk\platform-tools;C:\Program Files\nodejs;C:\ProgramData\ComposerSetup\bin;C:\Program Files\Genymobile\Genymotion\tools;C:\Program Files\Microsoft VS Code\bin;C:\Users\guii_\AppData\Local\GitHubDesktop\bin;C:\Users\guii_\Anaconda3;C:\Users\guii_\Anaconda3\Scripts;C:\Users\guii_\AppData\Local\Microsoft\WindowsApps;C:\Program Files (x86)\MSE\Magic xpa 3.3\cvs_client;C:\Program Files (x86)\DB AppMaker 2\node;C:\Users\guii_\AppData\Local\Microsoft\WindowsApps;C:\Program Files\MongoDB\Server\3.4\bin;C:\Users\guii_\AppData\Roaming\npm;C:\Users\guii_\AppData\Roaming\Composer\vendor\bin;C:\Users\guii_\AppData\Local\Programs\Fiddler;C:\Users\guii_\AppData\Local\Google\Cloud SDK\google-cloud-sdk\bin;C:\Program Files\Git\bin;C:\Program Files\Java\maven 3.5.0\bin;C:\Users\guii_\AppData\Local\atom\bin;C:\Users\guii_\AppData\Local\Android\sdk\platform-tools;C:\Program Files\nodejs;C:\ProgramData\ComposerSetup\bin;C:\Program Files\Genymobile\Genymotion\tools;C:\Program Files\Microsoft VS Code\bin;C:\Users\guii_\AppData\Local\GitHubDesktop\bin;C:\Users\guii_\Anaconda3;C:\Users\guii_\Anaconda3\Scripts;C:\Users\guii_\AppData\Local\Microsoft\WindowsApps;C:\hadoop-3.0.3\bin;C:\Program Files\Java\jdk1.8.0_161\bin;C:\Program Files\heroku\bin
10 verbose lifecycle AluraTyper@1.0.0~start: CWD: C:\Users\guii_\Documents\Alura\Formacao_Engenheiro_Front_End\jQuery_2\alura-typer\servidor
11 silly lifecycle AluraTyper@1.0.0~start: Args: [ '/d /s /c', 'node server' ]
12 silly lifecycle AluraTyper@1.0.0~start: Returned: code: 3221225786  signal: null
13 info lifecycle AluraTyper@1.0.0~start: Failed to exec start script
14 verbose stack Error: AluraTyper@1.0.0 start: `node server`
14 verbose stack Exit status 3221225786
14 verbose stack     at EventEmitter.<anonymous> (C:\Program Files\nodejs\node_modules\npm\lib\utils\lifecycle.js:255:16)
14 verbose stack     at emitTwo (events.js:106:13)
14 verbose stack     at EventEmitter.emit (events.js:191:7)
14 verbose stack     at ChildProcess.<anonymous> (C:\Program Files\nodejs\node_modules\npm\lib\utils\spawn.js:40:14)
14 verbose stack     at emitTwo (events.js:106:13)
14 verbose stack     at ChildProcess.emit (events.js:191:7)
14 verbose stack     at maybeClose (internal/child_process.js:891:16)
14 verbose stack     at Process.ChildProcess._handle.onexit (internal/child_process.js:226:5)
15 verbose pkgid AluraTyper@1.0.0
16 verbose cwd C:\Users\guii_\Documents\Alura\Formacao_Engenheiro_Front_End\jQuery_2\alura-typer\servidor
17 error Windows_NT 10.0.17134
18 error argv "C:\\Program Files\\nodejs\\node.exe" "C:\\Program Files\\nodejs\\node_modules\\npm\\bin\\npm-cli.js" "start"
19 error node v6.11.0
20 error npm  v3.10.10
21 error code ELIFECYCLE
22 error AluraTyper@1.0.0 start: `node server`
22 error Exit status 3221225786
23 error Failed at the AluraTyper@1.0.0 start script 'node server'.
23 error Make sure you have the latest version of node.js and npm installed.
23 error If you do, this is most likely a problem with the AluraTyper package,
23 error not with npm itself.
23 error Tell the author that this fails on your system:
23 error     node server
23 error You can get information on how to open an issue for this project with:
23 error     npm bugs AluraTyper
23 error Or if that isn't available, you can get their info via:
23 error     npm owner ls AluraTyper
23 error There is likely additional logging output above.
24 verbose exit [ 1, true ]
